Using pre-set license
Built from '2021.3/china_unity/release' branch; Version is '2021.3.26f1c1 (19b503b0ef33) revision 1684739'; Using compiler version '192829333'; Build Type 'Release'
OS: 'Windows 10  (10.0.19045) 64bit Core' Language: 'zh' Physical Memory: 16303 MB
BatchMode: 1, IsHumanControllingUs: 0, StartBugReporterOnCrash: 0, Is64bit: 1, IsPro: 1

COMMAND LINE ARGUMENTS:
C:\Program Files\Unity\Hub\Editor\2021.3.26f1c1\Editor\Unity.exe
-adb2
-batchMode
-noUpm
-name
AssetImportWorker4
-projectPath
F:/github/ApeEvolution
-logFile
Logs/AssetImportWorker4.log
-srvPort
54592
Successfully changed project path to: F:/github/ApeEvolution
F:/github/ApeEvolution
[UnityMemory] Configuration Parameters - Can be set up in boot.config
    "memorysetup-bucket-allocator-granularity=16"
    "memorysetup-bucket-allocator-bucket-count=8"
    "memorysetup-bucket-allocator-block-size=33554432"
    "memorysetup-bucket-allocator-block-count=8"
    "memorysetup-main-allocator-block-size=16777216"
    "memorysetup-thread-allocator-block-size=16777216"
    "memorysetup-gfx-main-allocator-block-size=16777216"
    "memorysetup-gfx-thread-allocator-block-size=16777216"
    "memorysetup-cache-allocator-block-size=4194304"
    "memorysetup-typetree-allocator-block-size=2097152"
    "memorysetup-profiler-bucket-allocator-granularity=16"
    "memorysetup-profiler-bucket-allocator-bucket-count=8"
    "memorysetup-profiler-bucket-allocator-block-size=33554432"
    "memorysetup-profiler-bucket-allocator-block-count=8"
    "memorysetup-profiler-allocator-block-size=16777216"
    "memorysetup-profiler-editor-allocator-block-size=1048576"
    "memorysetup-temp-allocator-size-main=16777216"
    "memorysetup-job-temp-allocator-block-size=2097152"
    "memorysetup-job-temp-allocator-block-size-background=1048576"
    "memorysetup-job-temp-allocator-reduction-small-platforms=262144"
    "memorysetup-temp-allocator-size-background-worker=32768"
    "memorysetup-temp-allocator-size-job-worker=262144"
    "memorysetup-temp-allocator-size-preload-manager=33554432"
    "memorysetup-temp-allocator-size-nav-mesh-worker=65536"
    "memorysetup-temp-allocator-size-audio-worker=65536"
    "memorysetup-temp-allocator-size-cloud-worker=32768"
    "memorysetup-temp-allocator-size-gi-baking-worker=262144"
    "memorysetup-temp-allocator-size-gfx=262144"
Player connection [26292] Host "[IP] 10.11.0.237 [Port] 0 [Flags] 2 [Guid] 328325986 [EditorId] 328325986 [Version] 1048832 [Id] WindowsEditor(7,DESKTOP-F9NA1RP) [Debug] 1 [PackageName] WindowsEditor [ProjectName] Editor" joined multi-casting on [225.0.0.222:54997]...

Player connection [26292] Host "[IP] 10.11.0.237 [Port] 0 [Flags] 2 [Guid] 328325986 [EditorId] 328325986 [Version] 1048832 [Id] WindowsEditor(7,DESKTOP-F9NA1RP) [Debug] 1 [PackageName] WindowsEditor [ProjectName] Editor" joined alternative multi-casting on [225.0.0.222:34997]...

AS: AutoStreaming module initializing.
Refreshing native plugins compatible for Editor in 114.48 ms, found 3 plugins.
Preloading 0 native plugins for Editor in 0.00 ms.
Initialize engine version: 2021.3.26f1c1 (19b503b0ef33)
[Subsystems] Discovering subsystems at path C:/Program Files/Unity/Hub/Editor/2021.3.26f1c1/Editor/Data/Resources/UnitySubsystems
[Subsystems] Discovering subsystems at path F:/github/ApeEvolution/Assets
GfxDevice: creating device client; threaded=0; jobified=0
Direct3D:
    Version:  Direct3D 11.0 [level 11.1]
    Renderer: NVIDIA GeForce GTX 1650 (ID=0x1f91)
    Vendor:   NVIDIA
    VRAM:     3949 MB
    Driver:   31.0.15.3118
Initialize mono
Mono path[0] = 'C:/Program Files/Unity/Hub/Editor/2021.3.26f1c1/Editor/Data/Managed'
Mono path[1] = 'C:/Program Files/Unity/Hub/Editor/2021.3.26f1c1/Editor/Data/MonoBleedingEdge/lib/mono/unityjit-win32'
Mono config path = 'C:/Program Files/Unity/Hub/Editor/2021.3.26f1c1/Editor/Data/MonoBleedingEdge/etc'
Using monoOptions --debugger-agent=transport=dt_socket,embedding=1,server=y,suspend=n,address=127.0.0.1:56440
Begin MonoManager ReloadAssembly
Registering precompiled unity dll's ...
Register platform support module: C:/Program Files/Unity/Hub/Editor/2021.3.26f1c1/Editor/Data/PlaybackEngines/WebGLSupport/UnityEditor.WebGL.Extensions.dll
Register platform support module: C:/Program Files/Unity/Hub/Editor/2021.3.26f1c1/Editor/Data/PlaybackEngines/MacStandaloneSupport/UnityEditor.OSXStandalone.Extensions.dll
Register platform support module: C:/Program Files/Unity/Hub/Editor/2021.3.26f1c1/Editor/Data/PlaybackEngines/AndroidPlayer/UnityEditor.Android.Extensions.dll
Register platform support module: C:/Program Files/Unity/Hub/Editor/2021.3.26f1c1/Editor/Data/PlaybackEngines/iOSSupport/UnityEditor.iOS.Extensions.dll
Register platform support module: C:/Program Files/Unity/Hub/Editor/2021.3.26f1c1/Editor/Data/PlaybackEngines/AppleTVSupport/UnityEditor.AppleTV.Extensions.dll
Register platform support module: C:/Program Files/Unity/Hub/Editor/2021.3.26f1c1/Editor/Data/PlaybackEngines/WindowsStandaloneSupport/UnityEditor.WindowsStandalone.Extensions.dll
Register platform support module: C:/Program Files/Unity/Hub/Editor/2021.3.26f1c1/Editor/Data/PlaybackEngines/LinuxStandaloneSupport/UnityEditor.LinuxStandalone.Extensions.dll
Register platform support module: C:/Program Files/Unity/Hub/Editor/2021.3.26f1c1/Editor/Data/PlaybackEngines/MetroSupport/UnityEditor.UWP.Extensions.dll
Registered in 0.063295 seconds.
Native extension for UWP target not found
Native extension for LinuxStandalone target not found
Native extension for WindowsStandalone target not found
[usbmuxd] Start listen thread
[usbmuxd] Listen thread started
Native extension for AppleTV target not found
[usbmuxd] Start listen thread
[usbmuxd] Listen thread started
Native extension for iOS target not found
Native extension for Android target not found
Android Extension - Scanning For ADB Devices 501 ms
Native extension for OSXStandalone target not found
Native extension for WebGL target not found
Refreshing native plugins compatible for Editor in 101.79 ms, found 3 plugins.
Preloading 0 native plugins for Editor in 0.00 ms.
Mono: successfully reloaded assembly
- Completed reload, in  1.558 seconds
Domain Reload Profiling:
	ReloadAssembly (1558ms)
		BeginReloadAssembly (163ms)
			ExecutionOrderSort (0ms)
			DisableScriptedObjects (0ms)
			BackupInstance (0ms)
			ReleaseScriptingObjects (0ms)
			CreateAndSetChildDomain (1ms)
		EndReloadAssembly (1176ms)
			LoadAssemblies (153ms)
			RebuildTransferFunctionScriptingTraits (0ms)
			SetupTypeCache (133ms)
			ReleaseScriptCaches (0ms)
			RebuildScriptCaches (29ms)
			SetupLoadedEditorAssemblies (925ms)
				LogAssemblyErrors (0ms)
				InitializePlatformSupportModulesInManaged (685ms)
				SetLoadedEditorAssemblies (0ms)
				RefreshPlugins (102ms)
				BeforeProcessingInitializeOnLoad (1ms)
				ProcessInitializeOnLoadAttributes (88ms)
				ProcessInitializeOnLoadMethodAttributes (49ms)
				AfterProcessingInitializeOnLoad (0ms)
				EditorAssembliesLoaded (0ms)
			ExecutionOrderSort2 (0ms)
			AwakeInstancesAfterBackupRestoration (0ms)
Platform modules already initialized, skipping
Registering precompiled user dll's ...
Registered in 0.021137 seconds.
Begin MonoManager ReloadAssembly
Symbol file LoadedFromMemory doesn't match image F:\github\ApeEvolution\Library\PackageCache\com.unity.visualscripting@1.8.0\Editor\VisualScripting.Core\Dependencies\YamlDotNet\Unity.VisualScripting.YamlDotNet.dll
Symbol file LoadedFromMemory doesn't match image F:\github\ApeEvolution\Library\PackageCache\com.unity.visualscripting@1.8.0\Editor\VisualScripting.Core\Dependencies\DotNetZip\Unity.VisualScripting.IonicZip.dll
Native extension for UWP target not found
Native extension for LinuxStandalone target not found
Native extension for WindowsStandalone target not found
Native extension for AppleTV target not found
Native extension for iOS target not found
Native extension for Android target not found
Native extension for OSXStandalone target not found
Native extension for WebGL target not found
Refreshing native plugins compatible for Editor in 107.91 ms, found 3 plugins.
Preloading 0 native plugins for Editor in 0.00 ms.
Mono: successfully reloaded assembly
- Completed reload, in  1.958 seconds
Domain Reload Profiling:
	ReloadAssembly (1958ms)
		BeginReloadAssembly (199ms)
			ExecutionOrderSort (0ms)
			DisableScriptedObjects (6ms)
			BackupInstance (0ms)
			ReleaseScriptingObjects (0ms)
			CreateAndSetChildDomain (19ms)
		EndReloadAssembly (1584ms)
			LoadAssemblies (267ms)
			RebuildTransferFunctionScriptingTraits (0ms)
			SetupTypeCache (347ms)
			ReleaseScriptCaches (1ms)
			RebuildScriptCaches (58ms)
			SetupLoadedEditorAssemblies (889ms)
				LogAssemblyErrors (0ms)
				InitializePlatformSupportModulesInManaged (94ms)
				SetLoadedEditorAssemblies (0ms)
				RefreshPlugins (108ms)
				BeforeProcessingInitializeOnLoad (159ms)
				ProcessInitializeOnLoadAttributes (414ms)
				ProcessInitializeOnLoadMethodAttributes (69ms)
				AfterProcessingInitializeOnLoad (46ms)
				EditorAssembliesLoaded (0ms)
			ExecutionOrderSort2 (0ms)
			AwakeInstancesAfterBackupRestoration (9ms)
Platform modules already initialized, skipping
========================================================================
Worker process is ready to serve import requests
Launched and connected shader compiler UnityShaderCompiler.exe after 0.09 seconds
Refreshing native plugins compatible for Editor in 0.74 ms, found 3 plugins.
Preloading 0 native plugins for Editor in 0.00 ms.
Unloading 4965 Unused Serialized files (Serialized files now loaded: 0)
Unloading 36 unused Assets / (0.9 MB). Loaded Objects now: 5430.
Memory consumption went from 205.8 MB to 204.9 MB.
Total: 4.266700 ms (FindLiveObjects: 0.377600 ms CreateObjectMapping: 0.335400 ms MarkObjects: 3.227200 ms  DeleteObjects: 0.325600 ms)

AssetImportParameters requested are different than current active one (requested -> active):
  custom:video-decoder-ogg-theora: a1e56fd34408186e4bbccfd4996cb3dc -> 
  custom:container-muxer-webm: aa71ff27fc2769a1b78a27578f13a17b -> 
  custom:container-demuxer-webm: 4f35f7cbe854078d1ac9338744f61a02 -> 
  custom:video-encoder-webm-vp8: eb34c28f22e8b96e1ab97ce403110664 -> 
  custom:audio-encoder-webm-vorbis: bf7c407c2cedff20999df2af8eb42d56 -> 
  custom:framework-win-MediaFoundation: 216162199b28c13a410421893ffa2e32 -> 
  custom:container-demuxer-ogg: 62fdf1f143b41e24485cea50d1cbac27 -> 
  custom:video-decoder-webm-vp8: 9c59270c3fd7afecdb556c50c9e8de78 -> 
  custom:audio-decoder-ogg-vorbis: bf7c407c2cedff20999df2af8eb42d56 -> 
========================================================================
Received Import Request.
  Time since last request: 4928.357301 seconds.
  path: Assets/LowPolyFarmLite/Materials/LowPolyFarmLite_MAIN.mat
  artifactKey: Guid(382e2b1b7fbf94945963320a17603c7c) Importer(815301076,1909f56bfc062723c751e8b465ee728b)
Start importing Assets/LowPolyFarmLite/Materials/LowPolyFarmLite_MAIN.mat using Guid(382e2b1b7fbf94945963320a17603c7c) Importer(815301076,1909f56bfc062723c751e8b465ee728b)  -> (artifact id: '290535cff380651bc853270bd2adfaa8') in 0.305468 seconds 
========================================================================
Received Import Request.
  Time since last request: 9.637939 seconds.
  path: Assets/LowPolyFarmLite/Textures/LowPolyFarmLite_Texture_01.png
  artifactKey: Guid(7bc9a4bafdf20d7409ec5c6155c56f4e) Importer(815301076,1909f56bfc062723c751e8b465ee728b)
Start importing Assets/LowPolyFarmLite/Textures/LowPolyFarmLite_Texture_01.png using Guid(7bc9a4bafdf20d7409ec5c6155c56f4e) Importer(815301076,1909f56bfc062723c751e8b465ee728b)  -> (artifact id: '0204d976a0e88b0ad6812298f5c478a6') in 0.080326 seconds 
========================================================================
Received Import Request.
  Time since last request: 6.192462 seconds.
  path: Assets/LowPolyFarmLite/Materials/LowPolyFarmLite_MAIN.mat
  artifactKey: Guid(382e2b1b7fbf94945963320a17603c7c) Importer(815301076,1909f56bfc062723c751e8b465ee728b)
Start importing Assets/LowPolyFarmLite/Materials/LowPolyFarmLite_MAIN.mat using Guid(382e2b1b7fbf94945963320a17603c7c) Importer(815301076,1909f56bfc062723c751e8b465ee728b)  -> (artifact id: '8824aefdb5c646f2d90cf26cb6316a37') in 0.013519 seconds 
========================================================================
Received Import Request.
  Time since last request: 14.654698 seconds.
  path: Assets/LowPolyFarmLite/Scenes/LowPolyFarmLite_Demo.unity
  artifactKey: Guid(02b22eabe90848144a0d8977d339b3ee) Importer(815301076,1909f56bfc062723c751e8b465ee728b)
Start importing Assets/LowPolyFarmLite/Scenes/LowPolyFarmLite_Demo.unity using Guid(02b22eabe90848144a0d8977d339b3ee) Importer(815301076,1909f56bfc062723c751e8b465ee728b)  -> (artifact id: '0f80d005f146ed1ae4b9f1897d8ac06f') in 0.003152 seconds 
========================================================================
Received Import Request.
  Time since last request: 10.313937 seconds.
  path: Assets/LowPolyFarmLite/Scenes/LowPolyFarmLite_Overview.unity
  artifactKey: Guid(0d213542539e07e42a778fc738e204f3) Importer(815301076,1909f56bfc062723c751e8b465ee728b)
Start importing Assets/LowPolyFarmLite/Scenes/LowPolyFarmLite_Overview.unity using Guid(0d213542539e07e42a778fc738e204f3) Importer(815301076,1909f56bfc062723c751e8b465ee728b)  -> (artifact id: '99580bcde8831fcc793a3ba536cc9965') in 0.002799 seconds 
========================================================================
Received Import Request.
  Time since last request: 16.107951 seconds.
  path: Assets/Settings/SampleSceneProfile.asset
  artifactKey: Guid(10fc4df2da32a41aaa32d77bc913491c) Importer(815301076,1909f56bfc062723c751e8b465ee728b)
Start importing Assets/Settings/SampleSceneProfile.asset using Guid(10fc4df2da32a41aaa32d77bc913491c) Importer(815301076,1909f56bfc062723c751e8b465ee728b)  -> (artifact id: '58e75bbda58e597ed465beb2f8333ca2') in 0.015881 seconds 
========================================================================
Received Import Request.
  Time since last request: 0.005240 seconds.
  path: Assets/Settings/UniversalRP-HighQuality.asset
  artifactKey: Guid(19ba41d7c0026c3459d37c2fe90c55a0) Importer(815301076,1909f56bfc062723c751e8b465ee728b)
Start importing Assets/Settings/UniversalRP-HighQuality.asset using Guid(19ba41d7c0026c3459d37c2fe90c55a0) Importer(815301076,1909f56bfc062723c751e8b465ee728b)  -> (artifact id: 'f7257731c46b92e1784f227849c31a91') in 0.003944 seconds 
========================================================================
Received Import Request.
  Time since last request: 0.000018 seconds.
  path: Assets/Settings/UniversalRP-LowQuality.asset
  artifactKey: Guid(a31e9f9f9c9d4b9429ed0d1234e22103) Importer(815301076,1909f56bfc062723c751e8b465ee728b)
Start importing Assets/Settings/UniversalRP-LowQuality.asset using Guid(a31e9f9f9c9d4b9429ed0d1234e22103) Importer(815301076,1909f56bfc062723c751e8b465ee728b)  -> (artifact id: 'fe4ef21b78251f4289021dcd4e65c831') in 0.005177 seconds 
========================================================================
Received Import Request.
  Time since last request: 8.354309 seconds.
  path: Assets/SimpleNaturePack/Materials/SimpleNaturePack_BG.mat
  artifactKey: Guid(886ecf0ee44718246aa083d8aad49b79) Importer(815301076,1909f56bfc062723c751e8b465ee728b)
Start importing Assets/SimpleNaturePack/Materials/SimpleNaturePack_BG.mat using Guid(886ecf0ee44718246aa083d8aad49b79) Importer(815301076,1909f56bfc062723c751e8b465ee728b)  -> (artifact id: 'b9a937fd13bc37a6a7c59e7e98ac9805') in 0.026215 seconds 
========================================================================
Received Import Request.
  Time since last request: 48.134097 seconds.
  path: Assets/Scenes/Tutorial.unity
  artifactKey: Guid(0dfcb84e93c60254bae5d65ccacb9708) Importer(815301076,1909f56bfc062723c751e8b465ee728b)
Start importing Assets/Scenes/Tutorial.unity using Guid(0dfcb84e93c60254bae5d65ccacb9708) Importer(815301076,1909f56bfc062723c751e8b465ee728b)  -> (artifact id: '600796f9f31756a86758c4ca24880f6f') in 0.002856 seconds 
========================================================================
Received Import Request.
  Time since last request: 2.982792 seconds.
  path: Assets/SimpleNaturePack/Prefabs/Branch_01.prefab
  artifactKey: Guid(b9de24523a11d714db3851b5f0f9d527) Importer(815301076,1909f56bfc062723c751e8b465ee728b)
Start importing Assets/SimpleNaturePack/Prefabs/Branch_01.prefab using Guid(b9de24523a11d714db3851b5f0f9d527) Importer(815301076,1909f56bfc062723c751e8b465ee728b)  -> (artifact id: 'd762fb09e67ef96ba79e91f9e50fe04a') in 0.048677 seconds 
========================================================================
Received Import Request.
  Time since last request: 0.000029 seconds.
  path: Assets/SimpleNaturePack/Prefabs/Grass_01.prefab
  artifactKey: Guid(f1fc5bb90ac285e4486771552d63bcb8) Importer(815301076,1909f56bfc062723c751e8b465ee728b)
Start importing Assets/SimpleNaturePack/Prefabs/Grass_01.prefab using Guid(f1fc5bb90ac285e4486771552d63bcb8) Importer(815301076,1909f56bfc062723c751e8b465ee728b)  -> (artifact id: '638f65ac33f22809e8df3e12119afa58') in 0.019918 seconds 
========================================================================
Received Import Request.
  Time since last request: 0.000029 seconds.
  path: Assets/SimpleNaturePack/Prefabs/Rock_02.prefab
  artifactKey: Guid(cebfacc247a640945a2c30b442202fca) Importer(815301076,1909f56bfc062723c751e8b465ee728b)
Start importing Assets/SimpleNaturePack/Prefabs/Rock_02.prefab using Guid(cebfacc247a640945a2c30b442202fca) Importer(815301076,1909f56bfc062723c751e8b465ee728b)  -> (artifact id: '9256f18b89a92578908b7a90d32d969d') in 0.023730 seconds 
========================================================================
Received Import Request.
  Time since last request: 0.000028 seconds.
  path: Assets/SimpleNaturePack/Prefabs/Rock_04.prefab
  artifactKey: Guid(f02116c209ecd9e488fc4d2cd8996133) Importer(815301076,1909f56bfc062723c751e8b465ee728b)
Start importing Assets/SimpleNaturePack/Prefabs/Rock_04.prefab using Guid(f02116c209ecd9e488fc4d2cd8996133) Importer(815301076,1909f56bfc062723c751e8b465ee728b)  -> (artifact id: 'eaea8237ab70422e94cb12be25cb1517') in 0.019194 seconds 
========================================================================
Received Import Request.
  Time since last request: 0.000025 seconds.
  path: Assets/SimpleNaturePack/Prefabs/Mushroom_01.prefab
  artifactKey: Guid(ff62b58c5a9ea164fa8ddf8038e10cd1) Importer(815301076,1909f56bfc062723c751e8b465ee728b)
Start importing Assets/SimpleNaturePack/Prefabs/Mushroom_01.prefab using Guid(ff62b58c5a9ea164fa8ddf8038e10cd1) Importer(815301076,1909f56bfc062723c751e8b465ee728b)  -> (artifact id: '1d80c47f214c239759a2c5446fc914c4') in 0.016939 seconds 
========================================================================
Received Import Request.
  Time since last request: 0.000032 seconds.
  path: Assets/SimpleNaturePack/Prefabs/Flowers_01.prefab
  artifactKey: Guid(ac8efb728f1fb9b4092c4df591c827ca) Importer(815301076,1909f56bfc062723c751e8b465ee728b)
Start importing Assets/SimpleNaturePack/Prefabs/Flowers_01.prefab using Guid(ac8efb728f1fb9b4092c4df591c827ca) Importer(815301076,1909f56bfc062723c751e8b465ee728b)  -> (artifact id: 'eb03122d78a3d1cf33e03d02ec5d1fcd') in 0.020909 seconds 
========================================================================
Received Import Request.
  Time since last request: 0.000023 seconds.
  path: Assets/SimpleNaturePack/Prefabs/Stump_01.prefab
  artifactKey: Guid(eebb56c82efbd8d4bb0eb6bd925a0e9d) Importer(815301076,1909f56bfc062723c751e8b465ee728b)
Start importing Assets/SimpleNaturePack/Prefabs/Stump_01.prefab using Guid(eebb56c82efbd8d4bb0eb6bd925a0e9d) Importer(815301076,1909f56bfc062723c751e8b465ee728b)  -> (artifact id: 'aef8c93a24440996d53ff09296aa18c7') in 0.017062 seconds 
========================================================================
Received Import Request.
  Time since last request: 0.000030 seconds.
  path: Assets/SimpleNaturePack/Prefabs/Tree_02.prefab
  artifactKey: Guid(e289bf5debb17f6459818c207d781953) Importer(815301076,1909f56bfc062723c751e8b465ee728b)
Start importing Assets/SimpleNaturePack/Prefabs/Tree_02.prefab using Guid(e289bf5debb17f6459818c207d781953) Importer(815301076,1909f56bfc062723c751e8b465ee728b)  -> (artifact id: 'c135cd827cf1aab8071f9f075eeb883f') in 0.020173 seconds 
========================================================================
Received Import Request.
  Time since last request: 0.000031 seconds.
  path: Assets/SimpleNaturePack/Prefabs/Rock_01.prefab
  artifactKey: Guid(c6308cb7062fac34e8e50600086b12a1) Importer(815301076,1909f56bfc062723c751e8b465ee728b)
Start importing Assets/SimpleNaturePack/Prefabs/Rock_01.prefab using Guid(c6308cb7062fac34e8e50600086b12a1) Importer(815301076,1909f56bfc062723c751e8b465ee728b)  -> (artifact id: '437fe28ffb0a8ab3111eec5de7df8e1a') in 0.022617 seconds 
========================================================================
Received Import Request.
  Time since last request: 0.000024 seconds.
  path: Assets/SimpleNaturePack/Prefabs/Tree_03.prefab
  artifactKey: Guid(c60edd51c065ceb46b345849a03bc106) Importer(815301076,1909f56bfc062723c751e8b465ee728b)
Start importing Assets/SimpleNaturePack/Prefabs/Tree_03.prefab using Guid(c60edd51c065ceb46b345849a03bc106) Importer(815301076,1909f56bfc062723c751e8b465ee728b)  -> (artifact id: '95a3bc5a499d98c0c19b83e493e74fcf') in 0.022709 seconds 
========================================================================
Received Import Request.
  Time since last request: 0.000027 seconds.
  path: Assets/SimpleNaturePack/Prefabs/Tree_05.prefab
  artifactKey: Guid(60f79905accf3b24fa0114b941f1aac0) Importer(815301076,1909f56bfc062723c751e8b465ee728b)
Start importing Assets/SimpleNaturePack/Prefabs/Tree_05.prefab using Guid(60f79905accf3b24fa0114b941f1aac0) Importer(815301076,1909f56bfc062723c751e8b465ee728b)  -> (artifact id: 'b62a885933b6c93075dd4022dd0a8195') in 0.018206 seconds 
========================================================================
Received Import Request.
  Time since last request: 0.000024 seconds.
  path: Assets/SimpleNaturePack/Prefabs/Bush_02.prefab
  artifactKey: Guid(b71b0f8d2f881c743a85228f3030d1cb) Importer(815301076,1909f56bfc062723c751e8b465ee728b)
Start importing Assets/SimpleNaturePack/Prefabs/Bush_02.prefab using Guid(b71b0f8d2f881c743a85228f3030d1cb) Importer(815301076,1909f56bfc062723c751e8b465ee728b)  -> (artifact id: '59832e73034a51e2e7a0beccb952bb18') in 0.018349 seconds 
========================================================================
Received Import Request.
  Time since last request: 149.412601 seconds.
  path: Assets/SimpleNaturePack/Scenes
  artifactKey: Guid(cf7d20afeed25e648acff9bab9734317) Importer(815301076,1909f56bfc062723c751e8b465ee728b)
Start importing Assets/SimpleNaturePack/Scenes using Guid(cf7d20afeed25e648acff9bab9734317) Importer(815301076,1909f56bfc062723c751e8b465ee728b)  -> (artifact id: '93be2c371d67935e6d3007c734a41a84') in 0.004078 seconds 
========================================================================
Received Import Request.
  Time since last request: 39.782225 seconds.
  path: Assets/Quirky Series Ultimate/FREE/Prefabs/Colobus.prefab
  artifactKey: Guid(84b7c8441f160174fa5c6f94cf397f0a) Importer(815301076,1909f56bfc062723c751e8b465ee728b)
Start importing Assets/Quirky Series Ultimate/FREE/Prefabs/Colobus.prefab using Guid(84b7c8441f160174fa5c6f94cf397f0a) Importer(815301076,1909f56bfc062723c751e8b465ee728b)  -> (artifact id: '24ed39b258041a1fc9ef460165652dab') in 0.173444 seconds 
========================================================================
Received Import Request.
  Time since last request: 0.000031 seconds.
  path: Assets/Quirky Series Ultimate/FREE/Prefabs/Squid.prefab
  artifactKey: Guid(818c5a1ba0d9810439f11299463f2294) Importer(815301076,1909f56bfc062723c751e8b465ee728b)
Start importing Assets/Quirky Series Ultimate/FREE/Prefabs/Squid.prefab using Guid(818c5a1ba0d9810439f11299463f2294) Importer(815301076,1909f56bfc062723c751e8b465ee728b)  -> (artifact id: 'fce5849f0494da015a1450fc9c279d57') in 0.134520 seconds 
========================================================================
Received Import Request.
  Time since last request: 0.000037 seconds.
  path: Assets/Quirky Series Ultimate/FREE/Prefabs/Herring.prefab
  artifactKey: Guid(4aa01f1d5c72d4e47a8c44e612a6b6fc) Importer(815301076,1909f56bfc062723c751e8b465ee728b)
Start importing Assets/Quirky Series Ultimate/FREE/Prefabs/Herring.prefab using Guid(4aa01f1d5c72d4e47a8c44e612a6b6fc) Importer(815301076,1909f56bfc062723c751e8b465ee728b)  -> (artifact id: 'd3a4287a5a58b68136e0b046632bfe9b') in 0.136239 seconds 
========================================================================
Received Import Request.
  Time since last request: 0.000023 seconds.
  path: Assets/Quirky Series Ultimate/FREE/Prefabs/Sparrow.prefab
  artifactKey: Guid(ad4137f595ec8e2449cacca9df7d3735) Importer(815301076,1909f56bfc062723c751e8b465ee728b)
Start importing Assets/Quirky Series Ultimate/FREE/Prefabs/Sparrow.prefab using Guid(ad4137f595ec8e2449cacca9df7d3735) Importer(815301076,1909f56bfc062723c751e8b465ee728b)  -> (artifact id: 'df80cc2aca8d33c61f93a846239f4c3b') in 0.122274 seconds 
========================================================================
Received Import Request.
  Time since last request: 0.000030 seconds.
  path: Assets/Quirky Series Ultimate/FREE/Prefabs/Taipan.prefab
  artifactKey: Guid(5b5c678f31981e34f9122b87217da1ac) Importer(815301076,1909f56bfc062723c751e8b465ee728b)
Start importing Assets/Quirky Series Ultimate/FREE/Prefabs/Taipan.prefab using Guid(5b5c678f31981e34f9122b87217da1ac) Importer(815301076,1909f56bfc062723c751e8b465ee728b)  -> (artifact id: 'a49a2047e333f33fdc897fc91fd71bb1') in 0.128049 seconds 
========================================================================
Received Import Request.
  Time since last request: 5.266990 seconds.
  path: Assets/Scenes/Tutorial.unity
  artifactKey: Guid(0dfcb84e93c60254bae5d65ccacb9708) Importer(815301076,1909f56bfc062723c751e8b465ee728b)
Start importing Assets/Scenes/Tutorial.unity using Guid(0dfcb84e93c60254bae5d65ccacb9708) Importer(815301076,1909f56bfc062723c751e8b465ee728b)  -> (artifact id: '1823c1b6b7c0290f7dccd267cf11bf99') in 0.003269 seconds 
========================================================================
Received Import Request.
  Time since last request: 950.644679 seconds.
  path: Assets/BasAssetStore/LowPolyVillage/Prefabs/Bank/Bank_01.prefab
  artifactKey: Guid(c1cad0a248d20c34fada0f5b3279ea88) Importer(815301076,1909f56bfc062723c751e8b465ee728b)
Start importing Assets/BasAssetStore/LowPolyVillage/Prefabs/Bank/Bank_01.prefab using Guid(c1cad0a248d20c34fada0f5b3279ea88) Importer(815301076,1909f56bfc062723c751e8b465ee728b)  -> (artifact id: 'bd61b351f3c7b1ac216680b9127485db') in 0.055215 seconds 
========================================================================
Received Import Request.
  Time since last request: 9.710888 seconds.
  path: Assets/LowPolyFarmLite/Prefabs/Box_01.prefab
  artifactKey: Guid(d26dc1241d332c342b898a57f1164932) Importer(815301076,1909f56bfc062723c751e8b465ee728b)
Start importing Assets/LowPolyFarmLite/Prefabs/Box_01.prefab using Guid(d26dc1241d332c342b898a57f1164932) Importer(815301076,1909f56bfc062723c751e8b465ee728b)  -> (artifact id: 'cba424efd3abe91cf9064c2e75d641db') in 0.976798 seconds 
========================================================================
Received Import Request.
  Time since last request: 4.563171 seconds.
  path: Assets/Quirky Series Ultimate/_Scripts/DemoController.prefab
  artifactKey: Guid(3ffd5f966ace6e74dbc3467092bca3c1) Importer(815301076,1909f56bfc062723c751e8b465ee728b)
Start importing Assets/Quirky Series Ultimate/_Scripts/DemoController.prefab using Guid(3ffd5f966ace6e74dbc3467092bca3c1) Importer(815301076,1909f56bfc062723c751e8b465ee728b)  -> (artifact id: '4466684d530b6b050f193926365e0022') in 0.022594 seconds 
========================================================================
Received Import Request.
  Time since last request: 1.874802 seconds.
  path: Assets/Quirky Series Ultimate/FREE/Animations/Sparrow_Animations.fbx
  artifactKey: Guid(34f30712d30697648b80843f9e09934c) Importer(815301076,1909f56bfc062723c751e8b465ee728b)
Start importing Assets/Quirky Series Ultimate/FREE/Animations/Sparrow_Animations.fbx using Guid(34f30712d30697648b80843f9e09934c) Importer(815301076,1909f56bfc062723c751e8b465ee728b)  -> (artifact id: 'd8dcce3f198a99d752c5bf10780b86c9') in 0.116735 seconds 
========================================================================
Received Import Request.
  Time since last request: 89.378261 seconds.
  path: Assets
  artifactKey: Guid(00000000000000001000000000000000) Importer(815301076,1909f56bfc062723c751e8b465ee728b)
Start importing Assets using Guid(00000000000000001000000000000000) Importer(815301076,1909f56bfc062723c751e8b465ee728b)  -> (artifact id: '79842766b460edbeab6a34051e857a80') in 0.003288 seconds 
========================================================================
Received Import Request.
  Time since last request: 5.354628 seconds.
  path: Assets/Arts
  artifactKey: Guid(b47196761f3176f40adbf0ad21a394b2) Importer(815301076,1909f56bfc062723c751e8b465ee728b)
Start importing Assets/Arts using Guid(b47196761f3176f40adbf0ad21a394b2) Importer(815301076,1909f56bfc062723c751e8b465ee728b)  -> (artifact id: '9edd732b848687e0ae988aac7d10a1e8') in 0.002376 seconds 
========================================================================
Received Import Request.
  Time since last request: 8.175382 seconds.
  path: Assets/Arts/image.png
  artifactKey: Guid(50cab8c9a08c3ff45a9b7217b1e02800) Importer(815301076,1909f56bfc062723c751e8b465ee728b)
Start importing Assets/Arts/image.png using Guid(50cab8c9a08c3ff45a9b7217b1e02800) Importer(815301076,1909f56bfc062723c751e8b465ee728b)  -> (artifact id: '6a44d82bc31b3e61f3ec7571f854da93') in 0.013032 seconds 
========================================================================
Received Import Request.
  Time since last request: 5.516549 seconds.
  path: Assets/Arts/image.png
  artifactKey: Guid(50cab8c9a08c3ff45a9b7217b1e02800) Importer(815301076,1909f56bfc062723c751e8b465ee728b)
Start importing Assets/Arts/image.png using Guid(50cab8c9a08c3ff45a9b7217b1e02800) Importer(815301076,1909f56bfc062723c751e8b465ee728b)  -> (artifact id: 'f3bdef61e03ba4c1a36e56d7f3103b35') in 0.041811 seconds 
========================================================================
Received Import Request.
  Time since last request: 335.738317 seconds.
  path: Assets/Arts/image.png
  artifactKey: Guid(50cab8c9a08c3ff45a9b7217b1e02800) Importer(815301076,1909f56bfc062723c751e8b465ee728b)
Start importing Assets/Arts/image.png using Guid(50cab8c9a08c3ff45a9b7217b1e02800) Importer(815301076,1909f56bfc062723c751e8b465ee728b)  -> (artifact id: 'f72303d2452eb05a57f9b31cd62664c5') in 0.014785 seconds 
========================================================================
Received Import Request.
  Time since last request: 4.446002 seconds.
  path: Assets/Arts/image.png
  artifactKey: Guid(50cab8c9a08c3ff45a9b7217b1e02800) Importer(815301076,1909f56bfc062723c751e8b465ee728b)
Start importing Assets/Arts/image.png using Guid(50cab8c9a08c3ff45a9b7217b1e02800) Importer(815301076,1909f56bfc062723c751e8b465ee728b)  -> (artifact id: '3c9aca8465ea95d364cf1fc01a9fc997') in 0.248980 seconds 
========================================================================
Received Import Request.
  Time since last request: 406.864417 seconds.
  path: Assets/Arts/gradient.png
  artifactKey: Guid(b8c541e64a7352947baa77053f423dc9) Importer(815301076,1909f56bfc062723c751e8b465ee728b)
Start importing Assets/Arts/gradient.png using Guid(b8c541e64a7352947baa77053f423dc9) Importer(815301076,1909f56bfc062723c751e8b465ee728b)  -> (artifact id: '89859394c5d3f4e504dd22f9ea71d7c0') in 0.014987 seconds 
========================================================================
Received Import Request.
  Time since last request: 7.836163 seconds.
  path: Assets/Arts/gradient.png
  artifactKey: Guid(b8c541e64a7352947baa77053f423dc9) Importer(815301076,1909f56bfc062723c751e8b465ee728b)
Start importing Assets/Arts/gradient.png using Guid(b8c541e64a7352947baa77053f423dc9) Importer(815301076,1909f56bfc062723c751e8b465ee728b)  -> (artifact id: '7371e14dcd327087e5295eb3a83efbb3') in 0.035768 seconds 
========================================================================
Received Import Request.
  Time since last request: 1426.005654 seconds.
  path: Assets/Arts/emo1.png
  artifactKey: Guid(d4fdd5b1daa2c054cb303812e0d6a1ce) Importer(815301076,1909f56bfc062723c751e8b465ee728b)
Start importing Assets/Arts/emo1.png using Guid(d4fdd5b1daa2c054cb303812e0d6a1ce) Importer(815301076,1909f56bfc062723c751e8b465ee728b)  -> (artifact id: '4ab10c02988c162dec8daa7584503f39') in 0.015597 seconds 
========================================================================
Received Import Request.
  Time since last request: 4.548388 seconds.
  path: Assets/Arts/emo1.png
  artifactKey: Guid(d4fdd5b1daa2c054cb303812e0d6a1ce) Importer(815301076,1909f56bfc062723c751e8b465ee728b)
Start importing Assets/Arts/emo1.png using Guid(d4fdd5b1daa2c054cb303812e0d6a1ce) Importer(815301076,1909f56bfc062723c751e8b465ee728b)  -> (artifact id: '758ef8820ccd2c39d82aff65a8a0d937') in 0.052903 seconds 
========================================================================
Received Import Request.
  Time since last request: 471.107805 seconds.
  path: Assets/Arts/sliderBG.png
  artifactKey: Guid(6e33eca1977397a4eba756b1d69d47e3) Importer(815301076,1909f56bfc062723c751e8b465ee728b)
Start importing Assets/Arts/sliderBG.png using Guid(6e33eca1977397a4eba756b1d69d47e3) Importer(815301076,1909f56bfc062723c751e8b465ee728b)  -> (artifact id: '395c9c7b114b23946f6bdc5ffeaf940c') in 0.014108 seconds 
========================================================================
Received Import Request.
  Time since last request: 23.734415 seconds.
  path: Assets/Arts/sliderBG.png
  artifactKey: Guid(6e33eca1977397a4eba756b1d69d47e3) Importer(815301076,1909f56bfc062723c751e8b465ee728b)
Start importing Assets/Arts/sliderBG.png using Guid(6e33eca1977397a4eba756b1d69d47e3) Importer(815301076,1909f56bfc062723c751e8b465ee728b)  -> (artifact id: 'e5910f07bb5ad55fea86d1075a4795be') in 0.040076 seconds 
========================================================================
Received Import Request.
  Time since last request: 631.027454 seconds.
  path: Assets/Arts/sliderBG 1.png
  artifactKey: Guid(d543c622d7f078c4a8a84cf2305dc535) Importer(815301076,1909f56bfc062723c751e8b465ee728b)
Start importing Assets/Arts/sliderBG 1.png using Guid(d543c622d7f078c4a8a84cf2305dc535) Importer(815301076,1909f56bfc062723c751e8b465ee728b)  -> (artifact id: 'd630bf93098a5a8dd73de5172df88e2a') in 0.012837 seconds 
========================================================================
Received Import Request.
  Time since last request: 6.778358 seconds.
  path: Assets/Arts/sliderBG 1.png
  artifactKey: Guid(d543c622d7f078c4a8a84cf2305dc535) Importer(815301076,1909f56bfc062723c751e8b465ee728b)
Start importing Assets/Arts/sliderBG 1.png using Guid(d543c622d7f078c4a8a84cf2305dc535) Importer(815301076,1909f56bfc062723c751e8b465ee728b)  -> (artifact id: '862d915c389049f70dd0418298089a48') in 0.028420 seconds 
========================================================================
Received Import Request.
  Time since last request: 11.455069 seconds.
  path: Assets/Arts/sliderBG.png
  artifactKey: Guid(d543c622d7f078c4a8a84cf2305dc535) Importer(815301076,1909f56bfc062723c751e8b465ee728b)
Start importing Assets/Arts/sliderBG.png using Guid(d543c622d7f078c4a8a84cf2305dc535) Importer(815301076,1909f56bfc062723c751e8b465ee728b)  -> (artifact id: '06a38ba10e7bce04b137882ecab4d02d') in 0.025099 seconds 
========================================================================
Received Import Request.
  Time since last request: 1134.558644 seconds.
  path: Assets/Arts/gradient.png
  artifactKey: Guid(b8c541e64a7352947baa77053f423dc9) Importer(815301076,1909f56bfc062723c751e8b465ee728b)
Start importing Assets/Arts/gradient.png using Guid(b8c541e64a7352947baa77053f423dc9) Importer(815301076,1909f56bfc062723c751e8b465ee728b)  -> (artifact id: '4545e9586bb4269b6b7d644682e65ede') in 0.022131 seconds 
========================================================================
Received Import Request.
  Time since last request: 6.666130 seconds.
  path: Assets/Arts/gradient.png
  artifactKey: Guid(b8c541e64a7352947baa77053f423dc9) Importer(815301076,1909f56bfc062723c751e8b465ee728b)
Start importing Assets/Arts/gradient.png using Guid(b8c541e64a7352947baa77053f423dc9) Importer(815301076,1909f56bfc062723c751e8b465ee728b)  -> (artifact id: '34d66ba64fecedc9892aae0f290deb83') in 0.035057 seconds 
========================================================================
Received Import Request.
  Time since last request: 77.485101 seconds.
  path: Assets/Arts/emo2-1.png
  artifactKey: Guid(e8741fdc4b507df49be58d5cdbb8c880) Importer(815301076,1909f56bfc062723c751e8b465ee728b)
Start importing Assets/Arts/emo2-1.png using Guid(e8741fdc4b507df49be58d5cdbb8c880) Importer(815301076,1909f56bfc062723c751e8b465ee728b)  -> (artifact id: '6443c5148de5b509082d7b86d8499d35') in 0.013870 seconds 
========================================================================
Received Import Request.
  Time since last request: 0.000019 seconds.
  path: Assets/Arts/emo4-1.png
  artifactKey: Guid(5363df3669437b649b20783243c6b382) Importer(815301076,1909f56bfc062723c751e8b465ee728b)
Start importing Assets/Arts/emo4-1.png using Guid(5363df3669437b649b20783243c6b382) Importer(815301076,1909f56bfc062723c751e8b465ee728b)  -> (artifact id: 'a0f4e0c2b8592fe04110673a81849e71') in 0.012349 seconds 
========================================================================
Received Import Request.
  Time since last request: 0.000026 seconds.
  path: Assets/Arts/emo5-1.png
  artifactKey: Guid(8bc3317e533ce554390515b2276df935) Importer(815301076,1909f56bfc062723c751e8b465ee728b)
Start importing Assets/Arts/emo5-1.png using Guid(8bc3317e533ce554390515b2276df935) Importer(815301076,1909f56bfc062723c751e8b465ee728b)  -> (artifact id: 'c8f6c106af5fda92caddbd9de2abe48f') in 0.019514 seconds 
========================================================================
Received Import Request.
  Time since last request: 8.626056 seconds.
  path: Assets/Arts/emo4-1.png
  artifactKey: Guid(5363df3669437b649b20783243c6b382) Importer(815301076,1909f56bfc062723c751e8b465ee728b)
Start importing Assets/Arts/emo4-1.png using Guid(5363df3669437b649b20783243c6b382) Importer(815301076,1909f56bfc062723c751e8b465ee728b)  -> (artifact id: 'a2022ebfd145d2344217f57a993f7332') in 0.034095 seconds 
========================================================================
Received Import Request.
  Time since last request: 0.081044 seconds.
  path: Assets/Arts/emo2-1.png
  artifactKey: Guid(e8741fdc4b507df49be58d5cdbb8c880) Importer(815301076,1909f56bfc062723c751e8b465ee728b)
Start importing Assets/Arts/emo2-1.png using Guid(e8741fdc4b507df49be58d5cdbb8c880) Importer(815301076,1909f56bfc062723c751e8b465ee728b)  -> (artifact id: '69623661ef73db3336cd0c7cbe7daec3') in 0.049740 seconds 
========================================================================
Received Import Request.
  Time since last request: 0.000022 seconds.
  path: Assets/Arts/emo5-1.png
  artifactKey: Guid(8bc3317e533ce554390515b2276df935) Importer(815301076,1909f56bfc062723c751e8b465ee728b)
Start importing Assets/Arts/emo5-1.png using Guid(8bc3317e533ce554390515b2276df935) Importer(815301076,1909f56bfc062723c751e8b465ee728b)  -> (artifact id: '7e819b6646d90efaacc6c3cf4bed6441') in 0.026564 seconds 
========================================================================
Received Import Request.
  Time since last request: 500.770924 seconds.
  path: Assets/Arts/god.psb
  artifactKey: Guid(f5c04ce981762fa4fa1c0b46349e2738) Importer(815301076,1909f56bfc062723c751e8b465ee728b)
Start importing Assets/Arts/god.psb using Guid(f5c04ce981762fa4fa1c0b46349e2738) Importer(815301076,1909f56bfc062723c751e8b465ee728b)  -> (artifact id: 'df066408aae50506698b2be216727761') in 0.019248 seconds 
========================================================================
Received Prepare
Registering precompiled user dll's ...
Registered in 0.021159 seconds.
Begin MonoManager ReloadAssembly
Cleanup Blit
UnityEngine.StackTraceUtility:ExtractStackTrace ()
UnityEngine.DebugLogHandler:LogFormat (UnityEngine.LogType,UnityEngine.Object,string,object[])
UnityEngine.Logger:Log (UnityEngine.LogType,object)
UnityEngine.Debug:Log (object)
UnityEngine.Rendering.Blitter:Cleanup () (at Library/PackageCache/com.unity.render-pipelines.core@12.1.11/Runtime/Utilities/Blitter.cs:158)
UnityEngine.Rendering.Universal.UniversalRenderer:Dispose (bool) (at Library/PackageCache/com.unity.render-pipelines.universal@12.1.11/Runtime/UniversalRenderer.cs:361)
UnityEngine.Rendering.Universal.ScriptableRenderer:Dispose () (at Library/PackageCache/com.unity.render-pipelines.universal@12.1.11/Runtime/ScriptableRenderer.cs:565)
UnityEngine.Rendering.Universal.UniversalRenderPipelineAsset:DestroyRenderer (UnityEngine.Rendering.Universal.ScriptableRenderer&) (at Library/PackageCache/com.unity.render-pipelines.universal@12.1.11/Runtime/Data/UniversalRenderPipelineAsset.cs:493)
UnityEngine.Rendering.Universal.UniversalRenderPipelineAsset:DestroyRenderers () (at Library/PackageCache/com.unity.render-pipelines.universal@12.1.11/Runtime/Data/UniversalRenderPipelineAsset.cs:486)
UnityEngine.Rendering.Universal.UniversalRenderPipelineAsset:OnDisable () (at Library/PackageCache/com.unity.render-pipelines.universal@12.1.11/Runtime/Data/UniversalRenderPipelineAsset.cs:509)

(Filename: Library/PackageCache/com.unity.render-pipelines.core@12.1.11/Runtime/Utilities/Blitter.cs Line: 158)

Symbol file LoadedFromMemory doesn't match image F:\github\ApeEvolution\Library\PackageCache\com.unity.visualscripting@1.8.0\Editor\VisualScripting.Core\Dependencies\YamlDotNet\Unity.VisualScripting.YamlDotNet.dll
Symbol file LoadedFromMemory doesn't match image F:\github\ApeEvolution\Library\PackageCache\com.unity.visualscripting@1.8.0\Editor\VisualScripting.Core\Dependencies\DotNetZip\Unity.VisualScripting.IonicZip.dll
Native extension for UWP target not found
Native extension for LinuxStandalone target not found
Native extension for WindowsStandalone target not found
Native extension for AppleTV target not found
Native extension for iOS target not found
Native extension for Android target not found
Native extension for OSXStandalone target not found
Native extension for WebGL target not found
Refreshing native plugins compatible for Editor in 116.31 ms, found 4 plugins.
Preloading 0 native plugins for Editor in 0.00 ms.
Mono: successfully reloaded assembly
- Completed reload, in  2.327 seconds
Domain Reload Profiling:
	ReloadAssembly (2329ms)
		BeginReloadAssembly (512ms)
			ExecutionOrderSort (0ms)
			DisableScriptedObjects (47ms)
			BackupInstance (0ms)
			ReleaseScriptingObjects (0ms)
			CreateAndSetChildDomain (165ms)
		EndReloadAssembly (1630ms)
			LoadAssemblies (238ms)
			RebuildTransferFunctionScriptingTraits (0ms)
			SetupTypeCache (416ms)
			ReleaseScriptCaches (2ms)
			RebuildScriptCaches (47ms)
			SetupLoadedEditorAssemblies (874ms)
				LogAssemblyErrors (0ms)
				InitializePlatformSupportModulesInManaged (98ms)
				SetLoadedEditorAssemblies (0ms)
				RefreshPlugins (116ms)
				BeforeProcessingInitializeOnLoad (143ms)
				ProcessInitializeOnLoadAttributes (386ms)
				ProcessInitializeOnLoadMethodAttributes (76ms)
				AfterProcessingInitializeOnLoad (53ms)
				EditorAssembliesLoaded (0ms)
			ExecutionOrderSort2 (0ms)
			AwakeInstancesAfterBackupRestoration (17ms)
Platform modules already initialized, skipping
Refreshing native plugins compatible for Editor in 11.04 ms, found 4 plugins.
Preloading 0 native plugins for Editor in 0.00 ms.
Unloading 5077 Unused Serialized files (Serialized files now loaded: 0)
Unloading 38 unused Assets / (0.8 MB). Loaded Objects now: 5774.
Memory consumption went from 214.1 MB to 213.3 MB.
Total: 7.696700 ms (FindLiveObjects: 0.393800 ms CreateObjectMapping: 0.318000 ms MarkObjects: 6.219900 ms  DeleteObjects: 0.763700 ms)

AssetImportParameters requested are different than current active one (requested -> active):
  custom:video-decoder-ogg-theora: a1e56fd34408186e4bbccfd4996cb3dc -> 
  custom:container-muxer-webm: aa71ff27fc2769a1b78a27578f13a17b -> 
  custom:container-demuxer-webm: 4f35f7cbe854078d1ac9338744f61a02 -> 
  custom:video-encoder-webm-vp8: eb34c28f22e8b96e1ab97ce403110664 -> 
  custom:audio-encoder-webm-vorbis: bf7c407c2cedff20999df2af8eb42d56 -> 
  custom:framework-win-MediaFoundation: 216162199b28c13a410421893ffa2e32 -> 
  custom:container-demuxer-ogg: 62fdf1f143b41e24485cea50d1cbac27 -> 
  custom:video-decoder-webm-vp8: 9c59270c3fd7afecdb556c50c9e8de78 -> 
  custom:audio-decoder-ogg-vorbis: bf7c407c2cedff20999df2af8eb42d56 -> 
========================================================================
Received Import Request.
  Time since last request: 91.509857 seconds.
  path: Assets/Arts/emo1.png
  artifactKey: Guid(d4fdd5b1daa2c054cb303812e0d6a1ce) Importer(815301076,1909f56bfc062723c751e8b465ee728b)
Start importing Assets/Arts/emo1.png using Guid(d4fdd5b1daa2c054cb303812e0d6a1ce) Importer(815301076,1909f56bfc062723c751e8b465ee728b)  -> (artifact id: '4911ec60b1922b5a1ba79480b38491b9') in 0.082579 seconds 
========================================================================
Received Import Request.
  Time since last request: 0.000046 seconds.
  path: Assets/Arts/gradient.png
  artifactKey: Guid(b8c541e64a7352947baa77053f423dc9) Importer(815301076,1909f56bfc062723c751e8b465ee728b)
Start importing Assets/Arts/gradient.png using Guid(b8c541e64a7352947baa77053f423dc9) Importer(815301076,1909f56bfc062723c751e8b465ee728b)  -> (artifact id: 'f49a4943e3ff770d41d80d368b1c9eac') in 0.014608 seconds 
========================================================================
Received Import Request.
  Time since last request: 0.000018 seconds.
  path: Assets/Arts/emo4-1.png
  artifactKey: Guid(5363df3669437b649b20783243c6b382) Importer(815301076,1909f56bfc062723c751e8b465ee728b)
Start importing Assets/Arts/emo4-1.png using Guid(5363df3669437b649b20783243c6b382) Importer(815301076,1909f56bfc062723c751e8b465ee728b)  -> (artifact id: '50919699df164b7879291cd8f341f149') in 0.024231 seconds 
========================================================================
Received Import Request.
  Time since last request: 0.000018 seconds.
  path: Assets/Arts/emo5-1.png
  artifactKey: Guid(8bc3317e533ce554390515b2276df935) Importer(815301076,1909f56bfc062723c751e8b465ee728b)
Start importing Assets/Arts/emo5-1.png using Guid(8bc3317e533ce554390515b2276df935) Importer(815301076,1909f56bfc062723c751e8b465ee728b)  -> (artifact id: 'ec899f4bba84de4d69a11430653d7b49') in 0.028078 seconds 
========================================================================
Received Import Request.
  Time since last request: 0.000023 seconds.
  path: Assets/Arts/sliderBG.png
  artifactKey: Guid(d543c622d7f078c4a8a84cf2305dc535) Importer(815301076,1909f56bfc062723c751e8b465ee728b)
Start importing Assets/Arts/sliderBG.png using Guid(d543c622d7f078c4a8a84cf2305dc535) Importer(815301076,1909f56bfc062723c751e8b465ee728b)  -> (artifact id: '808de76231498d008ac7f4a82793a033') in 0.013528 seconds 
========================================================================
Received Import Request.
  Time since last request: 0.000029 seconds.
  path: Assets/Arts/emo2-1.png
  artifactKey: Guid(e8741fdc4b507df49be58d5cdbb8c880) Importer(815301076,1909f56bfc062723c751e8b465ee728b)
Start importing Assets/Arts/emo2-1.png using Guid(e8741fdc4b507df49be58d5cdbb8c880) Importer(815301076,1909f56bfc062723c751e8b465ee728b)  -> (artifact id: '3353ea289baf8bb054bd011c1ecef941') in 0.023075 seconds 
========================================================================
Received Prepare
Registering precompiled user dll's ...
Registered in 0.024846 seconds.
Begin MonoManager ReloadAssembly
Symbol file LoadedFromMemory doesn't match image F:\github\ApeEvolution\Library\PackageCache\com.unity.visualscripting@1.8.0\Editor\VisualScripting.Core\Dependencies\YamlDotNet\Unity.VisualScripting.YamlDotNet.dll
Symbol file LoadedFromMemory doesn't match image F:\github\ApeEvolution\Library\PackageCache\com.unity.visualscripting@1.8.0\Editor\VisualScripting.Core\Dependencies\DotNetZip\Unity.VisualScripting.IonicZip.dll
Native extension for UWP target not found
Native extension for LinuxStandalone target not found
Native extension for WindowsStandalone target not found
Native extension for AppleTV target not found
Native extension for iOS target not found
Native extension for Android target not found
Native extension for OSXStandalone target not found
Native extension for WebGL target not found
Refreshing native plugins compatible for Editor in 108.59 ms, found 4 plugins.
Preloading 0 native plugins for Editor in 0.00 ms.
Mono: successfully reloaded assembly
- Completed reload, in  2.124 seconds
Domain Reload Profiling:
	ReloadAssembly (2125ms)
		BeginReloadAssembly (352ms)
			ExecutionOrderSort (0ms)
			DisableScriptedObjects (15ms)
			BackupInstance (0ms)
			ReleaseScriptingObjects (0ms)
			CreateAndSetChildDomain (69ms)
		EndReloadAssembly (1556ms)
			LoadAssemblies (228ms)
			RebuildTransferFunctionScriptingTraits (0ms)
			SetupTypeCache (356ms)
			ReleaseScriptCaches (2ms)
			RebuildScriptCaches (54ms)
			SetupLoadedEditorAssemblies (869ms)
				LogAssemblyErrors (0ms)
				InitializePlatformSupportModulesInManaged (108ms)
				SetLoadedEditorAssemblies (0ms)
				RefreshPlugins (109ms)
				BeforeProcessingInitializeOnLoad (161ms)
				ProcessInitializeOnLoadAttributes (363ms)
				ProcessInitializeOnLoadMethodAttributes (69ms)
				AfterProcessingInitializeOnLoad (57ms)
				EditorAssembliesLoaded (0ms)
			ExecutionOrderSort2 (0ms)
			AwakeInstancesAfterBackupRestoration (17ms)
Platform modules already initialized, skipping
Refreshing native plugins compatible for Editor in 4.19 ms, found 4 plugins.
Preloading 0 native plugins for Editor in 0.00 ms.
Unloading 5145 Unused Serialized files (Serialized files now loaded: 0)
Unloading 32 unused Assets / (0.8 MB). Loaded Objects now: 5845.
Memory consumption went from 217.3 MB to 216.5 MB.
Total: 4.205500 ms (FindLiveObjects: 0.364500 ms CreateObjectMapping: 0.290800 ms MarkObjects: 3.209900 ms  DeleteObjects: 0.339600 ms)

AssetImportParameters requested are different than current active one (requested -> active):
  custom:video-decoder-ogg-theora: a1e56fd34408186e4bbccfd4996cb3dc -> 
  custom:container-muxer-webm: aa71ff27fc2769a1b78a27578f13a17b -> 
  custom:container-demuxer-webm: 4f35f7cbe854078d1ac9338744f61a02 -> 
  custom:video-encoder-webm-vp8: eb34c28f22e8b96e1ab97ce403110664 -> 
  custom:audio-encoder-webm-vorbis: bf7c407c2cedff20999df2af8eb42d56 -> 
  custom:framework-win-MediaFoundation: 216162199b28c13a410421893ffa2e32 -> 
  custom:container-demuxer-ogg: 62fdf1f143b41e24485cea50d1cbac27 -> 
  custom:video-decoder-webm-vp8: 9c59270c3fd7afecdb556c50c9e8de78 -> 
  custom:audio-decoder-ogg-vorbis: bf7c407c2cedff20999df2af8eb42d56 -> 
Editor requested this worker to shutdown with reason: Scaling down because of idle timeout
AssetImportWorker is now disconnected from the server
Process exiting
Exiting without the bug reporter. Application will terminate with return code 0