Using pre-set license
Built from '2021.3/china_unity/release' branch; Version is '2021.3.26f1c1 (19b503b0ef33) revision 1684739'; Using compiler version '192829333'; Build Type 'Release'
OS: 'Windows 10  (10.0.19045) 64bit Core' Language: 'zh' Physical Memory: 16303 MB
BatchMode: 1, IsHumanControllingUs: 0, StartBugReporterOnCrash: 0, Is64bit: 1, IsPro: 1

COMMAND LINE ARGUMENTS:
C:\Program Files\Unity\Hub\Editor\2021.3.26f1c1\Editor\Unity.exe
-adb2
-batchMode
-noUpm
-name
AssetImportWorker2
-projectPath
F:/github/ApeEvolution
-logFile
Logs/AssetImportWorker2.log
-srvPort
51982
Successfully changed project path to: F:/github/ApeEvolution
F:/github/ApeEvolution
[UnityMemory] Configuration Parameters - Can be set up in boot.config
    "memorysetup-bucket-allocator-granularity=16"
    "memorysetup-bucket-allocator-bucket-count=8"
    "memorysetup-bucket-allocator-block-size=33554432"
    "memorysetup-bucket-allocator-block-count=8"
    "memorysetup-main-allocator-block-size=16777216"
    "memorysetup-thread-allocator-block-size=16777216"
    "memorysetup-gfx-main-allocator-block-size=16777216"
    "memorysetup-gfx-thread-allocator-block-size=16777216"
    "memorysetup-cache-allocator-block-size=4194304"
    "memorysetup-typetree-allocator-block-size=2097152"
    "memorysetup-profiler-bucket-allocator-granularity=16"
    "memorysetup-profiler-bucket-allocator-bucket-count=8"
    "memorysetup-profiler-bucket-allocator-block-size=33554432"
    "memorysetup-profiler-bucket-allocator-block-count=8"
    "memorysetup-profiler-allocator-block-size=16777216"
    "memorysetup-profiler-editor-allocator-block-size=1048576"
    "memorysetup-temp-allocator-size-main=16777216"
    "memorysetup-job-temp-allocator-block-size=2097152"
    "memorysetup-job-temp-allocator-block-size-background=1048576"
    "memorysetup-job-temp-allocator-reduction-small-platforms=262144"
    "memorysetup-temp-allocator-size-background-worker=32768"
    "memorysetup-temp-allocator-size-job-worker=262144"
    "memorysetup-temp-allocator-size-preload-manager=33554432"
    "memorysetup-temp-allocator-size-nav-mesh-worker=65536"
    "memorysetup-temp-allocator-size-audio-worker=65536"
    "memorysetup-temp-allocator-size-cloud-worker=32768"
    "memorysetup-temp-allocator-size-gi-baking-worker=262144"
    "memorysetup-temp-allocator-size-gfx=262144"
Player connection [5044] Host "[IP] 10.11.0.237 [Port] 0 [Flags] 2 [Guid] 883655662 [EditorId] 883655662 [Version] 1048832 [Id] WindowsEditor(7,DESKTOP-F9NA1RP) [Debug] 1 [PackageName] WindowsEditor [ProjectName] Editor" joined multi-casting on [225.0.0.222:54997]...

Player connection [5044] Host "[IP] 10.11.0.237 [Port] 0 [Flags] 2 [Guid] 883655662 [EditorId] 883655662 [Version] 1048832 [Id] WindowsEditor(7,DESKTOP-F9NA1RP) [Debug] 1 [PackageName] WindowsEditor [ProjectName] Editor" joined alternative multi-casting on [225.0.0.222:34997]...

AS: AutoStreaming module initializing.
Refreshing native plugins compatible for Editor in 138.55 ms, found 4 plugins.
Preloading 0 native plugins for Editor in 0.00 ms.
Initialize engine version: 2021.3.26f1c1 (19b503b0ef33)
[Subsystems] Discovering subsystems at path C:/Program Files/Unity/Hub/Editor/2021.3.26f1c1/Editor/Data/Resources/UnitySubsystems
[Subsystems] Discovering subsystems at path F:/github/ApeEvolution/Assets
GfxDevice: creating device client; threaded=0; jobified=0
Direct3D:
    Version:  Direct3D 11.0 [level 11.1]
    Renderer: NVIDIA GeForce GTX 1650 (ID=0x1f91)
    Vendor:   NVIDIA
    VRAM:     3949 MB
    Driver:   31.0.15.3118
Initialize mono
Mono path[0] = 'C:/Program Files/Unity/Hub/Editor/2021.3.26f1c1/Editor/Data/Managed'
Mono path[1] = 'C:/Program Files/Unity/Hub/Editor/2021.3.26f1c1/Editor/Data/MonoBleedingEdge/lib/mono/unityjit-win32'
Mono config path = 'C:/Program Files/Unity/Hub/Editor/2021.3.26f1c1/Editor/Data/MonoBleedingEdge/etc'
Using monoOptions --debugger-agent=transport=dt_socket,embedding=1,server=y,suspend=n,address=127.0.0.1:56116
Begin MonoManager ReloadAssembly
Registering precompiled unity dll's ...
Register platform support module: C:/Program Files/Unity/Hub/Editor/2021.3.26f1c1/Editor/Data/PlaybackEngines/WebGLSupport/UnityEditor.WebGL.Extensions.dll
Register platform support module: C:/Program Files/Unity/Hub/Editor/2021.3.26f1c1/Editor/Data/PlaybackEngines/MacStandaloneSupport/UnityEditor.OSXStandalone.Extensions.dll
Register platform support module: C:/Program Files/Unity/Hub/Editor/2021.3.26f1c1/Editor/Data/PlaybackEngines/AndroidPlayer/UnityEditor.Android.Extensions.dll
Register platform support module: C:/Program Files/Unity/Hub/Editor/2021.3.26f1c1/Editor/Data/PlaybackEngines/iOSSupport/UnityEditor.iOS.Extensions.dll
Register platform support module: C:/Program Files/Unity/Hub/Editor/2021.3.26f1c1/Editor/Data/PlaybackEngines/AppleTVSupport/UnityEditor.AppleTV.Extensions.dll
Register platform support module: C:/Program Files/Unity/Hub/Editor/2021.3.26f1c1/Editor/Data/PlaybackEngines/WindowsStandaloneSupport/UnityEditor.WindowsStandalone.Extensions.dll
Register platform support module: C:/Program Files/Unity/Hub/Editor/2021.3.26f1c1/Editor/Data/PlaybackEngines/LinuxStandaloneSupport/UnityEditor.LinuxStandalone.Extensions.dll
Register platform support module: C:/Program Files/Unity/Hub/Editor/2021.3.26f1c1/Editor/Data/PlaybackEngines/MetroSupport/UnityEditor.UWP.Extensions.dll
Registered in 0.082697 seconds.
Native extension for UWP target not found
Native extension for LinuxStandalone target not found
Native extension for WindowsStandalone target not found
[usbmuxd] Start listen thread
[usbmuxd] Listen thread started
Native extension for AppleTV target not found
[usbmuxd] Start listen thread
[usbmuxd] Listen thread started
Native extension for iOS target not found
Native extension for Android target not found
Android Extension - Scanning For ADB Devices 495 ms
Native extension for OSXStandalone target not found
Native extension for WebGL target not found
Refreshing native plugins compatible for Editor in 111.03 ms, found 4 plugins.
Preloading 0 native plugins for Editor in 0.00 ms.
Mono: successfully reloaded assembly
- Completed reload, in  1.702 seconds
Domain Reload Profiling:
	ReloadAssembly (1703ms)
		BeginReloadAssembly (225ms)
			ExecutionOrderSort (0ms)
			DisableScriptedObjects (0ms)
			BackupInstance (0ms)
			ReleaseScriptingObjects (0ms)
			CreateAndSetChildDomain (1ms)
		EndReloadAssembly (1206ms)
			LoadAssemblies (219ms)
			RebuildTransferFunctionScriptingTraits (0ms)
			SetupTypeCache (140ms)
			ReleaseScriptCaches (0ms)
			RebuildScriptCaches (28ms)
			SetupLoadedEditorAssemblies (944ms)
				LogAssemblyErrors (0ms)
				InitializePlatformSupportModulesInManaged (696ms)
				SetLoadedEditorAssemblies (0ms)
				RefreshPlugins (111ms)
				BeforeProcessingInitializeOnLoad (1ms)
				ProcessInitializeOnLoadAttributes (87ms)
				ProcessInitializeOnLoadMethodAttributes (49ms)
				AfterProcessingInitializeOnLoad (0ms)
				EditorAssembliesLoaded (0ms)
			ExecutionOrderSort2 (0ms)
			AwakeInstancesAfterBackupRestoration (0ms)
Platform modules already initialized, skipping
Registering precompiled user dll's ...
Registered in 0.020806 seconds.
Begin MonoManager ReloadAssembly
Symbol file LoadedFromMemory doesn't match image F:\github\ApeEvolution\Library\PackageCache\com.unity.visualscripting@1.8.0\Editor\VisualScripting.Core\Dependencies\YamlDotNet\Unity.VisualScripting.YamlDotNet.dll
Symbol file LoadedFromMemory doesn't match image F:\github\ApeEvolution\Library\PackageCache\com.unity.visualscripting@1.8.0\Editor\VisualScripting.Core\Dependencies\DotNetZip\Unity.VisualScripting.IonicZip.dll
Native extension for UWP target not found
Native extension for LinuxStandalone target not found
Native extension for WindowsStandalone target not found
Native extension for AppleTV target not found
Native extension for iOS target not found
Native extension for Android target not found
Native extension for OSXStandalone target not found
Native extension for WebGL target not found
Refreshing native plugins compatible for Editor in 110.71 ms, found 4 plugins.
Preloading 0 native plugins for Editor in 0.00 ms.
Mono: successfully reloaded assembly
- Completed reload, in  1.977 seconds
Domain Reload Profiling:
	ReloadAssembly (1978ms)
		BeginReloadAssembly (202ms)
			ExecutionOrderSort (0ms)
			DisableScriptedObjects (6ms)
			BackupInstance (0ms)
			ReleaseScriptingObjects (0ms)
			CreateAndSetChildDomain (20ms)
		EndReloadAssembly (1601ms)
			LoadAssemblies (300ms)
			RebuildTransferFunctionScriptingTraits (0ms)
			SetupTypeCache (347ms)
			ReleaseScriptCaches (1ms)
			RebuildScriptCaches (62ms)
			SetupLoadedEditorAssemblies (871ms)
				LogAssemblyErrors (0ms)
				InitializePlatformSupportModulesInManaged (87ms)
				SetLoadedEditorAssemblies (0ms)
				RefreshPlugins (111ms)
				BeforeProcessingInitializeOnLoad (152ms)
				ProcessInitializeOnLoadAttributes (400ms)
				ProcessInitializeOnLoadMethodAttributes (76ms)
				AfterProcessingInitializeOnLoad (45ms)
				EditorAssembliesLoaded (0ms)
			ExecutionOrderSort2 (0ms)
			AwakeInstancesAfterBackupRestoration (10ms)
Platform modules already initialized, skipping
========================================================================
Worker process is ready to serve import requests
Launched and connected shader compiler UnityShaderCompiler.exe after 0.09 seconds
Refreshing native plugins compatible for Editor in 0.93 ms, found 4 plugins.
Preloading 0 native plugins for Editor in 0.00 ms.
Unloading 5265 Unused Serialized files (Serialized files now loaded: 0)
Unloading 41 unused Assets / (1.0 MB). Loaded Objects now: 5730.
Memory consumption went from 215.9 MB to 215.0 MB.
Total: 4.075400 ms (FindLiveObjects: 0.399900 ms CreateObjectMapping: 0.355700 ms MarkObjects: 3.033500 ms  DeleteObjects: 0.285200 ms)

AssetImportParameters requested are different than current active one (requested -> active):
  custom:video-decoder-ogg-theora: a1e56fd34408186e4bbccfd4996cb3dc -> 
  custom:container-muxer-webm: aa71ff27fc2769a1b78a27578f13a17b -> 
  custom:container-demuxer-webm: 4f35f7cbe854078d1ac9338744f61a02 -> 
  custom:video-encoder-webm-vp8: eb34c28f22e8b96e1ab97ce403110664 -> 
  custom:audio-encoder-webm-vorbis: bf7c407c2cedff20999df2af8eb42d56 -> 
  custom:framework-win-MediaFoundation: 216162199b28c13a410421893ffa2e32 -> 
  custom:container-demuxer-ogg: 62fdf1f143b41e24485cea50d1cbac27 -> 
  custom:video-decoder-webm-vp8: 9c59270c3fd7afecdb556c50c9e8de78 -> 
  custom:audio-decoder-ogg-vorbis: bf7c407c2cedff20999df2af8eb42d56 -> 
========================================================================
Received Import Request.
  Time since last request: 7560.634729 seconds.
  path: Assets/Arts/god.controller
  artifactKey: Guid(1d2b433a3cf67a24d9ba8b311193f934) Importer(815301076,1909f56bfc062723c751e8b465ee728b)
Start importing Assets/Arts/god.controller using Guid(1d2b433a3cf67a24d9ba8b311193f934) Importer(815301076,1909f56bfc062723c751e8b465ee728b)  -> (artifact id: 'a7199a0ab92f26c462ce9d7c2cbe6d23') in 0.078320 seconds 
========================================================================
Received Import Request.
  Time since last request: 2.507799 seconds.
  path: Assets/Arts/god.controller
  artifactKey: Guid(1d2b433a3cf67a24d9ba8b311193f934) Importer(815301076,1909f56bfc062723c751e8b465ee728b)
Start importing Assets/Arts/god.controller using Guid(1d2b433a3cf67a24d9ba8b311193f934) Importer(815301076,1909f56bfc062723c751e8b465ee728b)  -> (artifact id: '7f00f4231dae19361636b6f27de1c588') in 0.007453 seconds 
========================================================================
Received Prepare
Registering precompiled user dll's ...
Registered in 0.019982 seconds.
Begin MonoManager ReloadAssembly
Symbol file LoadedFromMemory doesn't match image F:\github\ApeEvolution\Library\PackageCache\com.unity.visualscripting@1.8.0\Editor\VisualScripting.Core\Dependencies\YamlDotNet\Unity.VisualScripting.YamlDotNet.dll
Symbol file LoadedFromMemory doesn't match image F:\github\ApeEvolution\Library\PackageCache\com.unity.visualscripting@1.8.0\Editor\VisualScripting.Core\Dependencies\DotNetZip\Unity.VisualScripting.IonicZip.dll
Native extension for UWP target not found
Native extension for LinuxStandalone target not found
Native extension for WindowsStandalone target not found
Native extension for AppleTV target not found
Native extension for iOS target not found
Native extension for Android target not found
Native extension for OSXStandalone target not found
Native extension for WebGL target not found
Refreshing native plugins compatible for Editor in 0.94 ms, found 4 plugins.
Preloading 0 native plugins for Editor in 0.00 ms.
Mono: successfully reloaded assembly
- Completed reload, in  2.039 seconds
Domain Reload Profiling:
	ReloadAssembly (2039ms)
		BeginReloadAssembly (252ms)
			ExecutionOrderSort (0ms)
			DisableScriptedObjects (7ms)
			BackupInstance (0ms)
			ReleaseScriptingObjects (0ms)
			CreateAndSetChildDomain (43ms)
		EndReloadAssembly (1598ms)
			LoadAssemblies (204ms)
			RebuildTransferFunctionScriptingTraits (0ms)
			SetupTypeCache (426ms)
			ReleaseScriptCaches (2ms)
			RebuildScriptCaches (62ms)
			SetupLoadedEditorAssemblies (849ms)
				LogAssemblyErrors (0ms)
				InitializePlatformSupportModulesInManaged (112ms)
				SetLoadedEditorAssemblies (1ms)
				RefreshPlugins (1ms)
				BeforeProcessingInitializeOnLoad (158ms)
				ProcessInitializeOnLoadAttributes (434ms)
				ProcessInitializeOnLoadMethodAttributes (86ms)
				AfterProcessingInitializeOnLoad (58ms)
				EditorAssembliesLoaded (0ms)
			ExecutionOrderSort2 (0ms)
			AwakeInstancesAfterBackupRestoration (15ms)
Platform modules already initialized, skipping
Refreshing native plugins compatible for Editor in 4.34 ms, found 4 plugins.
Preloading 0 native plugins for Editor in 0.00 ms.
Unloading 5133 Unused Serialized files (Serialized files now loaded: 0)
Unloading 28 unused Assets / (0.7 MB). Loaded Objects now: 5734.
Memory consumption went from 205.3 MB to 204.6 MB.
Total: 4.510600 ms (FindLiveObjects: 0.451700 ms CreateObjectMapping: 0.492000 ms MarkObjects: 3.228100 ms  DeleteObjects: 0.337400 ms)

AssetImportParameters requested are different than current active one (requested -> active):
  custom:video-decoder-ogg-theora: a1e56fd34408186e4bbccfd4996cb3dc -> 
  custom:container-muxer-webm: aa71ff27fc2769a1b78a27578f13a17b -> 
  custom:container-demuxer-webm: 4f35f7cbe854078d1ac9338744f61a02 -> 
  custom:video-encoder-webm-vp8: eb34c28f22e8b96e1ab97ce403110664 -> 
  custom:audio-encoder-webm-vorbis: bf7c407c2cedff20999df2af8eb42d56 -> 
  custom:framework-win-MediaFoundation: 216162199b28c13a410421893ffa2e32 -> 
  custom:container-demuxer-ogg: 62fdf1f143b41e24485cea50d1cbac27 -> 
  custom:video-decoder-webm-vp8: 9c59270c3fd7afecdb556c50c9e8de78 -> 
  custom:audio-decoder-ogg-vorbis: bf7c407c2cedff20999df2af8eb42d56 -> 
========================================================================
Received Import Request.
  Time since last request: 223.000083 seconds.
  path: Assets/Quirky Series Ultimate/FREE/Textures/T_Taipan.png
  artifactKey: Guid(b6e7fedc1523cb243a59efe64a66526a) Importer(815301076,1909f56bfc062723c751e8b465ee728b)
Start importing Assets/Quirky Series Ultimate/FREE/Textures/T_Taipan.png using Guid(b6e7fedc1523cb243a59efe64a66526a) Importer(815301076,1909f56bfc062723c751e8b465ee728b)  -> (artifact id: '1999bdf5bb65209777f016b758bc7273') in 0.092894 seconds 
========================================================================
Received Import Request.
  Time since last request: 0.000027 seconds.
  path: Assets/Quirky Series Ultimate/FREE/Textures/T_Squid.png
  artifactKey: Guid(83be6572454ffc2418a41deb170e2212) Importer(815301076,1909f56bfc062723c751e8b465ee728b)
Start importing Assets/Quirky Series Ultimate/FREE/Textures/T_Squid.png using Guid(83be6572454ffc2418a41deb170e2212) Importer(815301076,1909f56bfc062723c751e8b465ee728b)  -> (artifact id: 'ac824762bb98c3290968cf5119c63e97') in 0.014820 seconds 
========================================================================
Received Import Request.
  Time since last request: 0.000025 seconds.
  path: Assets/Quirky Series Ultimate/FREE/Textures/T_Pudu.png
  artifactKey: Guid(51d54402f1790e74580566181ea896f1) Importer(815301076,1909f56bfc062723c751e8b465ee728b)
Start importing Assets/Quirky Series Ultimate/FREE/Textures/T_Pudu.png using Guid(51d54402f1790e74580566181ea896f1) Importer(815301076,1909f56bfc062723c751e8b465ee728b)  -> (artifact id: 'e5b2b67ac8a839bb107f80250d3bdec5') in 0.019593 seconds 
========================================================================
Received Import Request.
  Time since last request: 0.000022 seconds.
  path: Assets/Quirky Series Ultimate/FREE/Textures/T_Colobus.png
  artifactKey: Guid(b4b1d3fe77ffc854f875d0e7cde95ccd) Importer(815301076,1909f56bfc062723c751e8b465ee728b)
Start importing Assets/Quirky Series Ultimate/FREE/Textures/T_Colobus.png using Guid(b4b1d3fe77ffc854f875d0e7cde95ccd) Importer(815301076,1909f56bfc062723c751e8b465ee728b)  -> (artifact id: '94366249bf4cc8962357ac49fcfa4c40') in 0.013103 seconds 
========================================================================
Received Import Request.
  Time since last request: 0.000027 seconds.
  path: Assets/Quirky Series Ultimate/FREE/Textures/T_Sparrow.png
  artifactKey: Guid(446f99d27897d674fae36a9422fe157a) Importer(815301076,1909f56bfc062723c751e8b465ee728b)
Start importing Assets/Quirky Series Ultimate/FREE/Textures/T_Sparrow.png using Guid(446f99d27897d674fae36a9422fe157a) Importer(815301076,1909f56bfc062723c751e8b465ee728b)  -> (artifact id: 'ba8fe8547cce1857495933c7eb539219') in 0.019735 seconds 
========================================================================
Received Import Request.
  Time since last request: 340.613577 seconds.
  path: Assets/Arts/plasterbrain__cute-loop-pink-bunny-death-metal.flac
  artifactKey: Guid(f46d08c1a1f9341438b0bb9c65ab56f8) Importer(815301076,1909f56bfc062723c751e8b465ee728b)
Start importing Assets/Arts/plasterbrain__cute-loop-pink-bunny-death-metal.flac using Guid(f46d08c1a1f9341438b0bb9c65ab56f8) Importer(815301076,1909f56bfc062723c751e8b465ee728b)  -> (artifact id: 'e7e4407668ac2bf55a6941512822bc31') in 0.091360 seconds 
========================================================================
Received Prepare
Registering precompiled user dll's ...
Registered in 0.020416 seconds.
Begin MonoManager ReloadAssembly
Symbol file LoadedFromMemory doesn't match image F:\github\ApeEvolution\Library\PackageCache\com.unity.visualscripting@1.8.0\Editor\VisualScripting.Core\Dependencies\YamlDotNet\Unity.VisualScripting.YamlDotNet.dll
Symbol file LoadedFromMemory doesn't match image F:\github\ApeEvolution\Library\PackageCache\com.unity.visualscripting@1.8.0\Editor\VisualScripting.Core\Dependencies\DotNetZip\Unity.VisualScripting.IonicZip.dll
Native extension for UWP target not found
Native extension for LinuxStandalone target not found
Native extension for WindowsStandalone target not found
Native extension for AppleTV target not found
Native extension for iOS target not found
Native extension for Android target not found
Native extension for OSXStandalone target not found
Native extension for WebGL target not found
Refreshing native plugins compatible for Editor in 1.37 ms, found 4 plugins.
Preloading 0 native plugins for Editor in 0.00 ms.
Mono: successfully reloaded assembly
- Completed reload, in  2.057 seconds
Domain Reload Profiling:
	ReloadAssembly (2058ms)
		BeginReloadAssembly (292ms)
			ExecutionOrderSort (0ms)
			DisableScriptedObjects (10ms)
			BackupInstance (0ms)
			ReleaseScriptingObjects (0ms)
			CreateAndSetChildDomain (50ms)
		EndReloadAssembly (1555ms)
			LoadAssemblies (239ms)
			RebuildTransferFunctionScriptingTraits (0ms)
			SetupTypeCache (403ms)
			ReleaseScriptCaches (2ms)
			RebuildScriptCaches (62ms)
			SetupLoadedEditorAssemblies (826ms)
				LogAssemblyErrors (0ms)
				InitializePlatformSupportModulesInManaged (115ms)
				SetLoadedEditorAssemblies (1ms)
				RefreshPlugins (1ms)
				BeforeProcessingInitializeOnLoad (152ms)
				ProcessInitializeOnLoadAttributes (411ms)
				ProcessInitializeOnLoadMethodAttributes (87ms)
				AfterProcessingInitializeOnLoad (59ms)
				EditorAssembliesLoaded (0ms)
			ExecutionOrderSort2 (0ms)
			AwakeInstancesAfterBackupRestoration (15ms)
Platform modules already initialized, skipping
Refreshing native plugins compatible for Editor in 4.36 ms, found 4 plugins.
Preloading 0 native plugins for Editor in 0.00 ms.
Unloading 5146 Unused Serialized files (Serialized files now loaded: 0)
Unloading 41 unused Assets / (1.4 MB). Loaded Objects now: 5748.
Memory consumption went from 207.6 MB to 206.3 MB.
Total: 4.503500 ms (FindLiveObjects: 0.405700 ms CreateObjectMapping: 0.313000 ms MarkObjects: 3.051800 ms  DeleteObjects: 0.731400 ms)

AssetImportParameters requested are different than current active one (requested -> active):
  custom:video-decoder-ogg-theora: a1e56fd34408186e4bbccfd4996cb3dc -> 
  custom:container-muxer-webm: aa71ff27fc2769a1b78a27578f13a17b -> 
  custom:container-demuxer-webm: 4f35f7cbe854078d1ac9338744f61a02 -> 
  custom:video-encoder-webm-vp8: eb34c28f22e8b96e1ab97ce403110664 -> 
  custom:audio-encoder-webm-vorbis: bf7c407c2cedff20999df2af8eb42d56 -> 
  custom:framework-win-MediaFoundation: 216162199b28c13a410421893ffa2e32 -> 
  custom:container-demuxer-ogg: 62fdf1f143b41e24485cea50d1cbac27 -> 
  custom:video-decoder-webm-vp8: 9c59270c3fd7afecdb556c50c9e8de78 -> 
  custom:audio-decoder-ogg-vorbis: bf7c407c2cedff20999df2af8eb42d56 -> 
========================================================================
Received Import Request.
  Time since last request: 173.205195 seconds.
  path: Assets/Materials/Skybox_Mat.mat
  artifactKey: Guid(0ffaa0b7117ba8c47a9d05ae701d4b4d) Importer(815301076,1909f56bfc062723c751e8b465ee728b)
Start importing Assets/Materials/Skybox_Mat.mat using Guid(0ffaa0b7117ba8c47a9d05ae701d4b4d) Importer(815301076,1909f56bfc062723c751e8b465ee728b)  -> (artifact id: 'e0e1794afd2fa90281a0e4b394cb256a') in 0.232798 seconds 
========================================================================
Received Import Request.
  Time since last request: 19.474088 seconds.
  path: Assets/Arts/Music
  artifactKey: Guid(43fc615fa4e56c643bd392a5de650787) Importer(815301076,1909f56bfc062723c751e8b465ee728b)
Start importing Assets/Arts/Music using Guid(43fc615fa4e56c643bd392a5de650787) Importer(815301076,1909f56bfc062723c751e8b465ee728b)  -> (artifact id: '700154d23b2a5102b0034f9463c7f845') in 0.003474 seconds 
========================================================================
Received Import Request.
  Time since last request: 9.344279 seconds.
  path: Assets/Arts/Animation
  artifactKey: Guid(6ca013fc4ca7b104693877bbd6a2eeb2) Importer(815301076,1909f56bfc062723c751e8b465ee728b)
Start importing Assets/Arts/Animation using Guid(6ca013fc4ca7b104693877bbd6a2eeb2) Importer(815301076,1909f56bfc062723c751e8b465ee728b)  -> (artifact id: '17bb1ce479c592989184bb0530de02e8') in 0.002575 seconds 
========================================================================
Received Import Request.
  Time since last request: 3.627299 seconds.
  path: Assets/Arts/Idel.anim
  artifactKey: Guid(a8ab90814690d434e89efc80a26f10b3) Importer(815301076,1909f56bfc062723c751e8b465ee728b)
Start importing Assets/Arts/Idel.anim using Guid(a8ab90814690d434e89efc80a26f10b3) Importer(815301076,1909f56bfc062723c751e8b465ee728b)  -> (artifact id: '7bda305d243fc8bb403fbb9924b9dcdd') in 0.008702 seconds 
========================================================================
Received Import Request.
  Time since last request: 1.201875 seconds.
  path: Assets/Arts/Speak.anim
  artifactKey: Guid(e68ffefc987fdfa4d8d8cf0f4aebcaa1) Importer(815301076,1909f56bfc062723c751e8b465ee728b)
Start importing Assets/Arts/Speak.anim using Guid(e68ffefc987fdfa4d8d8cf0f4aebcaa1) Importer(815301076,1909f56bfc062723c751e8b465ee728b)  -> (artifact id: 'ea8c5204b59275c8906c7803147c5c38') in 0.019983 seconds 
========================================================================
Received Import Request.
  Time since last request: 2460.948107 seconds.
  path: Assets/Quirky Series Ultimate/FREE/Animations/Sparrow_Animations.fbx
  artifactKey: Guid(34f30712d30697648b80843f9e09934c) Importer(815301076,1909f56bfc062723c751e8b465ee728b)
Start importing Assets/Quirky Series Ultimate/FREE/Animations/Sparrow_Animations.fbx using Guid(34f30712d30697648b80843f9e09934c) Importer(815301076,1909f56bfc062723c751e8b465ee728b)  -> (artifact id: '2ce9998afdfe5c1a82b2398863c41f5b') in 0.093398 seconds 
========================================================================
Received Prepare
Registering precompiled user dll's ...
Registered in 0.021916 seconds.
Begin MonoManager ReloadAssembly
Cleanup Blit
UnityEngine.StackTraceUtility:ExtractStackTrace ()
UnityEngine.DebugLogHandler:LogFormat (UnityEngine.LogType,UnityEngine.Object,string,object[])
UnityEngine.Logger:Log (UnityEngine.LogType,object)
UnityEngine.Debug:Log (object)
UnityEngine.Rendering.Blitter:Cleanup () (at Library/PackageCache/com.unity.render-pipelines.core@12.1.11/Runtime/Utilities/Blitter.cs:158)
UnityEngine.Rendering.Universal.UniversalRenderer:Dispose (bool) (at Library/PackageCache/com.unity.render-pipelines.universal@12.1.11/Runtime/UniversalRenderer.cs:361)
UnityEngine.Rendering.Universal.ScriptableRenderer:Dispose () (at Library/PackageCache/com.unity.render-pipelines.universal@12.1.11/Runtime/ScriptableRenderer.cs:565)
UnityEngine.Rendering.Universal.UniversalRenderPipelineAsset:DestroyRenderer (UnityEngine.Rendering.Universal.ScriptableRenderer&) (at Library/PackageCache/com.unity.render-pipelines.universal@12.1.11/Runtime/Data/UniversalRenderPipelineAsset.cs:493)
UnityEngine.Rendering.Universal.UniversalRenderPipelineAsset:DestroyRenderers () (at Library/PackageCache/com.unity.render-pipelines.universal@12.1.11/Runtime/Data/UniversalRenderPipelineAsset.cs:486)
UnityEngine.Rendering.Universal.UniversalRenderPipelineAsset:OnDisable () (at Library/PackageCache/com.unity.render-pipelines.universal@12.1.11/Runtime/Data/UniversalRenderPipelineAsset.cs:509)

(Filename: Library/PackageCache/com.unity.render-pipelines.core@12.1.11/Runtime/Utilities/Blitter.cs Line: 158)

Symbol file LoadedFromMemory doesn't match image F:\github\ApeEvolution\Library\PackageCache\com.unity.visualscripting@1.8.0\Editor\VisualScripting.Core\Dependencies\YamlDotNet\Unity.VisualScripting.YamlDotNet.dll
Symbol file LoadedFromMemory doesn't match image F:\github\ApeEvolution\Library\PackageCache\com.unity.visualscripting@1.8.0\Editor\VisualScripting.Core\Dependencies\DotNetZip\Unity.VisualScripting.IonicZip.dll
Native extension for UWP target not found
Native extension for LinuxStandalone target not found
Native extension for WindowsStandalone target not found
Native extension for AppleTV target not found
Native extension for iOS target not found
Native extension for Android target not found
Native extension for OSXStandalone target not found
Native extension for WebGL target not found
Refreshing native plugins compatible for Editor in 0.82 ms, found 4 plugins.
Preloading 0 native plugins for Editor in 0.00 ms.
Mono: successfully reloaded assembly
- Completed reload, in  1.821 seconds
Domain Reload Profiling:
	ReloadAssembly (1822ms)
		BeginReloadAssembly (288ms)
			ExecutionOrderSort (0ms)
			DisableScriptedObjects (10ms)
			BackupInstance (0ms)
			ReleaseScriptingObjects (0ms)
			CreateAndSetChildDomain (52ms)
		EndReloadAssembly (1357ms)
			LoadAssemblies (229ms)
			RebuildTransferFunctionScriptingTraits (0ms)
			SetupTypeCache (318ms)
			ReleaseScriptCaches (2ms)
			RebuildScriptCaches (49ms)
			SetupLoadedEditorAssemblies (711ms)
				LogAssemblyErrors (0ms)
				InitializePlatformSupportModulesInManaged (98ms)
				SetLoadedEditorAssemblies (0ms)
				RefreshPlugins (1ms)
				BeforeProcessingInitializeOnLoad (133ms)
				ProcessInitializeOnLoadAttributes (355ms)
				ProcessInitializeOnLoadMethodAttributes (73ms)
				AfterProcessingInitializeOnLoad (52ms)
				EditorAssembliesLoaded (0ms)
			ExecutionOrderSort2 (0ms)
			AwakeInstancesAfterBackupRestoration (17ms)
Platform modules already initialized, skipping
Refreshing native plugins compatible for Editor in 3.96 ms, found 4 plugins.
Preloading 0 native plugins for Editor in 0.00 ms.
Unloading 5151 Unused Serialized files (Serialized files now loaded: 0)
Unloading 43 unused Assets / (1.3 MB). Loaded Objects now: 5829.
Memory consumption went from 218.0 MB to 216.7 MB.
Total: 5.476000 ms (FindLiveObjects: 0.571400 ms CreateObjectMapping: 0.581000 ms MarkObjects: 3.801200 ms  DeleteObjects: 0.521500 ms)

AssetImportParameters requested are different than current active one (requested -> active):
  custom:video-decoder-ogg-theora: a1e56fd34408186e4bbccfd4996cb3dc -> 
  custom:container-muxer-webm: aa71ff27fc2769a1b78a27578f13a17b -> 
  custom:container-demuxer-webm: 4f35f7cbe854078d1ac9338744f61a02 -> 
  custom:video-encoder-webm-vp8: eb34c28f22e8b96e1ab97ce403110664 -> 
  custom:audio-encoder-webm-vorbis: bf7c407c2cedff20999df2af8eb42d56 -> 
  custom:framework-win-MediaFoundation: 216162199b28c13a410421893ffa2e32 -> 
  custom:container-demuxer-ogg: 62fdf1f143b41e24485cea50d1cbac27 -> 
  custom:video-decoder-webm-vp8: 9c59270c3fd7afecdb556c50c9e8de78 -> 
  custom:audio-decoder-ogg-vorbis: bf7c407c2cedff20999df2af8eb42d56 -> 
